{"name": "Nokari Profile", "status": "broken", "statusDetails": {"message": "selenium.common.exceptions.NoSuchElementException: Message: no such element: Unable to locate element: {\"method\":\"link text\",\"selector\":\"Login\"}\n  (Session info: chrome=124.0.6367.201); For documentation on this error, please visit: https://www.selenium.dev/documentation/webdriver/troubleshooting/errors#no-such-element-exception\nStacktrace:\n\tGetHandleVerifier [0x00007FF6638E1522+60802]\n\t(No symbol) [0x00007FF66385AC22]\n\t(No symbol) [0x00007FF663717CE4]\n\t(No symbol) [0x00007FF663766D4D]\n\t(No symbol) [0x00007FF663766E1C]\n\t(No symbol) [0x00007FF6637ACE37]\n\t(No symbol) [0x00007FF66378ABBF]\n\t(No symbol) [0x00007FF6637AA224]\n\t(No symbol) [0x00007FF66378A923]\n\t(No symbol) [0x00007FF663758FEC]\n\t(No symbol) [0x00007FF663759C21]\n\tGetHandleVerifier [0x00007FF663BE41BD+3217949]\n\tGetHandleVerifier [0x00007FF663C26157+3488183]\n\tGetHandleVerifier [0x00007FF663C1F0DF+3459391]\n\tGetHandleVerifier [0x00007FF66399B8E6+823622]\n\t(No symbol) [0x00007FF663865FBF]\n\t(No symbol) [0x00007FF663860EE4]\n\t(No symbol) [0x00007FF663861072]\n\t(No symbol) [0x00007FF6638518C4]\n\tBaseThreadInitThunk [0x00007FFE6D547344+20]\n\tRtlUserThreadStart [0x00007FFE6D7626B1+33]", "trace": "self = <Test_case.test_nokari.Test_Nokari_login object at 0x00000226AAD13050>\nsetup = <selenium.webdriver.chrome.webdriver.WebDriver (session=\"2ac80ef04d1437531b71445bb34c4ecc\")>\nEnterData = ('tanveeralam7520@gmail.com', 'Talam@786', 'I have 3+years of experience as a Quality Assurance Engineer, I have exper...n testing, Database testing, Functional\\xa0testing.Rest api testing using postman ,Api automation using python pytest')\n\n    @allure.title(\"Nokari Profile\")\n    @allure.link(\"https://www.naukri.com/\")\n    @allure.id(\"test nokari log1\")\n    @allure.story(\"Nokari Profile Auto Update\")\n    @allure.severity(allure.severity_level.NORMAL)\n    # @pytest.mark.parametrize(\"user,pas,profile\",[(\"tanveeralam7520@gmail.com\",\"Talam@786\",\"I have 3+years of experience as a Quality Assurance Engineer, I have expertise in testing and involved in Manual testing, ETL testing, Automation testing, Database testing, Functional testing.Rest api testing using postman ,Api automation using python pytest\"),(\"tanveeralam5445@gmail.com\",\"Talam@786786\",\"I have 3+years of experience as a Quality Assurance Engineer, I have expertise in testing and involved in Manual testing, ETL testing, Automation testing, Database testing, Functional testing.Rest api testing using postman ,Api automation using python pytest\")])\n    def test_nokari_log1(self,setup,EnterData):\n        self.log.info(\"start Nokari daily update test case \")\n        self.driver = setup\n        self.log.info(\"open webdiver\")\n        self.np= Nokari(self.driver)\n        self.log.info(\"open URL for Nokari loging \")\n        self.np.Url()\n        self.log.info(\"clicking log in button \")\n>       self.np.Login()\n\nTest_case\\test_nokari.py:31: \n_ _ _ _ _ _ _ _ _ _ _ _ _ _ _ _ _ _ _ _ _ _ _ _ _ _ _ _ _ _ _ _ _ _ _ _ _ _ _ _\npage_object\\Nokariprofile.py:34: in Login\n    self.driver.find_element(*Nokari.Login_button).click()\nC:\\Users\\ADMIN\\AppData\\Local\\Programs\\Python\\Python311\\Lib\\site-packages\\selenium\\webdriver\\remote\\webdriver.py:739: in find_element\n    return self.execute(Command.FIND_ELEMENT, {\"using\": by, \"value\": value})[\"value\"]\nC:\\Users\\ADMIN\\AppData\\Local\\Programs\\Python\\Python311\\Lib\\site-packages\\selenium\\webdriver\\remote\\webdriver.py:345: in execute\n    self.error_handler.check_response(response)\n_ _ _ _ _ _ _ _ _ _ _ _ _ _ _ _ _ _ _ _ _ _ _ _ _ _ _ _ _ _ _ _ _ _ _ _ _ _ _ _\n\nself = <selenium.webdriver.remote.errorhandler.ErrorHandler object at 0x00000226AD4E7BD0>\nresponse = {'status': 404, 'value': '{\"value\":{\"error\":\"no such element\",\"message\":\"no such element: Unable to locate element: {\\...07FF6638518C4]\\\\n\\\\tBaseThreadInitThunk [0x00007FFE6D547344+20]\\\\n\\\\tRtlUserThreadStart [0x00007FFE6D7626B1+33]\\\\n\"}}'}\n\n    def check_response(self, response: Dict[str, Any]) -> None:\n        \"\"\"Checks that a JSON response from the WebDriver does not have an\n        error.\n    \n        :Args:\n         - response - The JSON response from the WebDriver server as a dictionary\n           object.\n    \n        :Raises: If the response contains an error message.\n        \"\"\"\n        status = response.get(\"status\", None)\n        if not status or status == ErrorCode.SUCCESS:\n            return\n        value = None\n        message = response.get(\"message\", \"\")\n        screen: str = response.get(\"screen\", \"\")\n        stacktrace = None\n        if isinstance(status, int):\n            value_json = response.get(\"value\", None)\n            if value_json and isinstance(value_json, str):\n                import json\n    \n                try:\n                    value = json.loads(value_json)\n                    if len(value) == 1:\n                        value = value[\"value\"]\n                    status = value.get(\"error\", None)\n                    if not status:\n                        status = value.get(\"status\", ErrorCode.UNKNOWN_ERROR)\n                        message = value.get(\"value\") or value.get(\"message\")\n                        if not isinstance(message, str):\n                            value = message\n                            message = message.get(\"message\")\n                    else:\n                        message = value.get(\"message\", None)\n                except ValueError:\n                    pass\n    \n        exception_class: Type[WebDriverException]\n        e = ErrorCode()\n        error_codes = [item for item in dir(e) if not item.startswith(\"__\")]\n        for error_code in error_codes:\n            error_info = getattr(ErrorCode, error_code)\n            if isinstance(error_info, list) and status in error_info:\n                exception_class = getattr(ExceptionMapping, error_code, WebDriverException)\n                break\n        else:\n            exception_class = WebDriverException\n    \n        if not value:\n            value = response[\"value\"]\n        if isinstance(value, str):\n            raise exception_class(value)\n        if message == \"\" and \"message\" in value:\n            message = value[\"message\"]\n    \n        screen = None  # type: ignore[assignment]\n        if \"screen\" in value:\n            screen = value[\"screen\"]\n    \n        stacktrace = None\n        st_value = value.get(\"stackTrace\") or value.get(\"stacktrace\")\n        if st_value:\n            if isinstance(st_value, str):\n                stacktrace = st_value.split(\"\\n\")\n            else:\n                stacktrace = []\n                try:\n                    for frame in st_value:\n                        line = frame.get(\"lineNumber\", \"\")\n                        file = frame.get(\"fileName\", \"<anonymous>\")\n                        if line:\n                            file = f\"{file}:{line}\"\n                        meth = frame.get(\"methodName\", \"<anonymous>\")\n                        if \"className\" in frame:\n                            meth = f\"{frame['className']}.{meth}\"\n                        msg = \"    at %s (%s)\"\n                        msg = msg % (meth, file)\n                        stacktrace.append(msg)\n                except TypeError:\n                    pass\n        if exception_class == UnexpectedAlertPresentException:\n            alert_text = None\n            if \"data\" in value:\n                alert_text = value[\"data\"].get(\"text\")\n            elif \"alert\" in value:\n                alert_text = value[\"alert\"].get(\"text\")\n            raise exception_class(message, screen, stacktrace, alert_text)  # type: ignore[call-arg]  # mypy is not smart enough here\n>       raise exception_class(message, screen, stacktrace)\nE       selenium.common.exceptions.NoSuchElementException: Message: no such element: Unable to locate element: {\"method\":\"link text\",\"selector\":\"Login\"}\nE         (Session info: chrome=124.0.6367.201); For documentation on this error, please visit: https://www.selenium.dev/documentation/webdriver/troubleshooting/errors#no-such-element-exception\nE       Stacktrace:\nE       \tGetHandleVerifier [0x00007FF6638E1522+60802]\nE       \t(No symbol) [0x00007FF66385AC22]\nE       \t(No symbol) [0x00007FF663717CE4]\nE       \t(No symbol) [0x00007FF663766D4D]\nE       \t(No symbol) [0x00007FF663766E1C]\nE       \t(No symbol) [0x00007FF6637ACE37]\nE       \t(No symbol) [0x00007FF66378ABBF]\nE       \t(No symbol) [0x00007FF6637AA224]\nE       \t(No symbol) [0x00007FF66378A923]\nE       \t(No symbol) [0x00007FF663758FEC]\nE       \t(No symbol) [0x00007FF663759C21]\nE       \tGetHandleVerifier [0x00007FF663BE41BD+3217949]\nE       \tGetHandleVerifier [0x00007FF663C26157+3488183]\nE       \tGetHandleVerifier [0x00007FF663C1F0DF+3459391]\nE       \tGetHandleVerifier [0x00007FF66399B8E6+823622]\nE       \t(No symbol) [0x00007FF663865FBF]\nE       \t(No symbol) [0x00007FF663860EE4]\nE       \t(No symbol) [0x00007FF663861072]\nE       \t(No symbol) [0x00007FF6638518C4]\nE       \tBaseThreadInitThunk [0x00007FFE6D547344+20]\nE       \tRtlUserThreadStart [0x00007FFE6D7626B1+33]\n\nC:\\Users\\ADMIN\\AppData\\Local\\Programs\\Python\\Python311\\Lib\\site-packages\\selenium\\webdriver\\remote\\errorhandler.py:229: NoSuchElementException"}, "attachments": [{"name": "log", "source": "4a7b30ca-7d55-47f6-8e18-7d23383767d5-attachment.txt", "type": "text/plain"}], "parameters": [{"name": "EnterData", "value": "('tanveeralam7520@gmail.com', 'Talam@786', 'I have 3+years of experience as a Quality Assurance Engineer, I have expertise in testing and involved in Manual testing, ETL testing, Automation testing, Database testing, Functional\\xa0testing.Rest api testing using postman ,Api automation using python pytest')"}], "start": 1715834854731, "stop": 1715834909868, "uuid": "37e1b354-df05-4655-941c-c4e8f7a38c1b", "historyId": "dfdc701a775a5a8db2c27949a3db7ab4", "testCaseId": "5d1fc764e99b78a258bcedd8480f27d0", "fullName": "Test_case.test_nokari.Test_Nokari_login#test_nokari_log1", "labels": [{"name": "story", "value": "Nokari Profile Auto Update"}, {"name": "as_id", "value": "test nokari log1"}, {"name": "severity", "value": "normal"}, {"name": "parentSuite", "value": "Test_case"}, {"name": "suite", "value": "test_nokari"}, {"name": "subSuite", "value": "Test_Nokari_login"}, {"name": "host", "value": "DESKTOP-CT5ISU8"}, {"name": "thread", "value": "8024-MainThread"}, {"name": "framework", "value": "pytest"}, {"name": "language", "value": "cpython3"}, {"name": "package", "value": "Test_case.test_nokari"}], "links": [{"type": "link", "url": "https://www.naukri.com/", "name": "https://www.naukri.com/"}]}